<?xml version="1.0" encoding="UTF-8"?>
<!-- Generated by org.testng.reporters.JUnitReportReporter -->
<testsuite hostname="LAPTOP-2LR20BM8" failures="0" tests="2" name="testing.CrossBrowserTest" time="3.628" errors="0" timestamp="2023-06-06T20:40:23 IST" skipped="0">
  <testcase classname="testing.CrossBrowserTest" name="googleTest" time="1.882"/>
  <system-out/>
  <testcase classname="testing.CrossBrowserTest" name="googleTest" time="1.746"/>
  <system-out/>
</testsuite> <!-- testing.CrossBrowserTest -->
